2023-10-24T00:27:33+00:00 CRITICAL Uncaught Error: Call to undefined function tqside_header() in C:\wamp64\www\wordpress\wp-content\themes\thanhquang\header.php:16
Stack trace:
#0 C:\wamp64\www\wordpress\wp-includes\template.php(785): require_once()
#1 C:\wamp64\www\wordpress\wp-includes\template.php(720): load_template('C:\\wamp64\\www\\w...', true, Array)
#2 C:\wamp64\www\wordpress\wp-includes\general-template.php(48): locate_template(Array, true, true, Array)
#3 C:\wamp64\www\wordpress\wp-content\themes\thanhquang\index.php(1): get_header()
#4 C:\wamp64\www\wordpress\wp-includes\template-loader.php(106): include('C:\\wamp64\\www\\w...')
#5 C:\wamp64\www\wordpress\wp-blog-header.php(19): require_once('C:\\wamp64\\www\\w...')
#6 C:\wamp64\www\wordpress\index.php(17): require('C:\\wamp64\\www\\w...')
#7 {main}
  thrown in C:\wamp64\www\wordpress\wp-content\themes\thanhquang\header.php on line 16

2023-10-24T01:19:14+00:00 CRITICAL Uncaught Error: Undefined constant "‘woocommerce_show_page_title’" in C:\wamp64\www\wordpress\wp-content\themes\website\functions.php:82
Stack trace:
#0 C:\wamp64\www\wordpress\wp-settings.php(600): include()
#1 C:\wamp64\www\wordpress\wp-config.php(96): require_once('C:\\wamp64\\www\\w...')
#2 C:\wamp64\www\wordpress\wp-load.php(50): require_once('C:\\wamp64\\www\\w...')
#3 C:\wamp64\www\wordpress\wp-blog-header.php(13): require_once('C:\\wamp64\\www\\w...')
#4 C:\wamp64\www\wordpress\index.php(17): require('C:\\wamp64\\www\\w...')
#5 {main}
  thrown in C:\wamp64\www\wordpress\wp-content\themes\website\functions.php on line 82

2023-10-24T17:30:21+00:00 CRITICAL syntax error, unexpected token ":", expecting ")" in C:\wamp64\www\wordpress\wp-content\themes\webtheme\functions.php on line 2

2023-10-24T17:32:22+00:00 CRITICAL Uncaught Error: Value of type null is not callable in C:\wamp64\www\wordpress\wp-content\themes\webtheme\functions.php:4
Stack trace:
#0 C:\wamp64\www\wordpress\wp-settings.php(600): include()
#1 C:\wamp64\www\wordpress\wp-config.php(96): require_once('C:\\wamp64\\www\\w...')
#2 C:\wamp64\www\wordpress\wp-load.php(50): require_once('C:\\wamp64\\www\\w...')
#3 C:\wamp64\www\wordpress\wp-admin\admin-ajax.php(22): require_once('C:\\wamp64\\www\\w...')
#4 {main}
  thrown in C:\wamp64\www\wordpress\wp-content\themes\webtheme\functions.php on line 4

2023-10-24T17:33:56+00:00 CRITICAL Uncaught Error: Value of type null is not callable in C:\wamp64\www\wordpress\wp-content\themes\webtheme\functions.php:4
Stack trace:
#0 C:\wamp64\www\wordpress\wp-settings.php(600): include()
#1 C:\wamp64\www\wordpress\wp-config.php(96): require_once('C:\\wamp64\\www\\w...')
#2 C:\wamp64\www\wordpress\wp-load.php(50): require_once('C:\\wamp64\\www\\w...')
#3 C:\wamp64\www\wordpress\wp-blog-header.php(13): require_once('C:\\wamp64\\www\\w...')
#4 C:\wamp64\www\wordpress\index.php(17): require('C:\\wamp64\\www\\w...')
#5 {main}
  thrown in C:\wamp64\www\wordpress\wp-content\themes\webtheme\functions.php on line 4

2023-10-24T17:37:38+00:00 CRITICAL Uncaught Error: Call to undefined function tqside_header() in C:\wamp64\www\wordpress\wp-content\themes\thanhquang\header.php:16
Stack trace:
#0 C:\wamp64\www\wordpress\wp-includes\template.php(785): require_once()
#1 C:\wamp64\www\wordpress\wp-includes\template.php(720): load_template('C:\\wamp64\\www\\w...', true, Array)
#2 C:\wamp64\www\wordpress\wp-includes\general-template.php(48): locate_template(Array, true, true, Array)
#3 C:\wamp64\www\wordpress\wp-content\themes\thanhquang\index.php(1): get_header()
#4 C:\wamp64\www\wordpress\wp-includes\template-loader.php(106): include('C:\\wamp64\\www\\w...')
#5 C:\wamp64\www\wordpress\wp-blog-header.php(19): require_once('C:\\wamp64\\www\\w...')
#6 C:\wamp64\www\wordpress\index.php(17): require('C:\\wamp64\\www\\w...')
#7 {main}
  thrown in C:\wamp64\www\wordpress\wp-content\themes\thanhquang\header.php on line 16

2023-10-24T17:44:59+00:00 CRITICAL Uncaught ArgumentCountError: 4 arguments are required, 2 given in C:\wamp64\www\wordpress\wp-content\themes\thanhquang\header.php:20
Stack trace:
#0 C:\wamp64\www\wordpress\wp-content\themes\thanhquang\header.php(20): printf('<h1><a href=%1$...', 'My Blog')
#1 C:\wamp64\www\wordpress\wp-includes\template.php(785): require_once('C:\\wamp64\\www\\w...')
#2 C:\wamp64\www\wordpress\wp-includes\template.php(720): load_template('C:\\wamp64\\www\\w...', true, Array)
#3 C:\wamp64\www\wordpress\wp-includes\general-template.php(48): locate_template(Array, true, true, Array)
#4 C:\wamp64\www\wordpress\wp-content\themes\thanhquang\index.php(1): get_header()
#5 C:\wamp64\www\wordpress\wp-includes\template-loader.php(106): include('C:\\wamp64\\www\\w...')
#6 C:\wamp64\www\wordpress\wp-blog-header.php(19): require_once('C:\\wamp64\\www\\w...')
#7 C:\wamp64\www\wordpress\index.php(17): require('C:\\wamp64\\www\\w...')
#8 {main}
  thrown in C:\wamp64\www\wordpress\wp-content\themes\thanhquang\header.php on line 20

2023-10-24T17:45:21+00:00 CRITICAL Uncaught ArgumentCountError: 4 arguments are required, 2 given in C:\wamp64\www\wordpress\wp-content\themes\thanhquang\header.php:20
Stack trace:
#0 C:\wamp64\www\wordpress\wp-content\themes\thanhquang\header.php(20): printf('<h1><a href=%1$...', 'My Blog')
#1 C:\wamp64\www\wordpress\wp-includes\template.php(785): require_once('C:\\wamp64\\www\\w...')
#2 C:\wamp64\www\wordpress\wp-includes\template.php(720): load_template('C:\\wamp64\\www\\w...', true, Array)
#3 C:\wamp64\www\wordpress\wp-includes\general-template.php(48): locate_template(Array, true, true, Array)
#4 C:\wamp64\www\wordpress\wp-content\themes\thanhquang\index.php(1): get_header()
#5 C:\wamp64\www\wordpress\wp-includes\template-loader.php(106): include('C:\\wamp64\\www\\w...')
#6 C:\wamp64\www\wordpress\wp-blog-header.php(19): require_once('C:\\wamp64\\www\\w...')
#7 C:\wamp64\www\wordpress\index.php(17): require('C:\\wamp64\\www\\w...')
#8 {main}
  thrown in C:\wamp64\www\wordpress\wp-content\themes\thanhquang\header.php on line 20

2023-10-24T17:52:20+00:00 CRITICAL Uncaught Error: Call to undefined function thanhquang_header() in C:\wamp64\www\wordpress\wp-content\themes\thanhquang\header.php:16
Stack trace:
#0 C:\wamp64\www\wordpress\wp-includes\template.php(785): require_once()
#1 C:\wamp64\www\wordpress\wp-includes\template.php(720): load_template('C:\\wamp64\\www\\w...', true, Array)
#2 C:\wamp64\www\wordpress\wp-includes\general-template.php(48): locate_template(Array, true, true, Array)
#3 C:\wamp64\www\wordpress\wp-content\themes\thanhquang\index.php(1): get_header()
#4 C:\wamp64\www\wordpress\wp-includes\template-loader.php(106): include('C:\\wamp64\\www\\w...')
#5 C:\wamp64\www\wordpress\wp-blog-header.php(19): require_once('C:\\wamp64\\www\\w...')
#6 C:\wamp64\www\wordpress\index.php(17): require('C:\\wamp64\\www\\w...')
#7 {main}
  thrown in C:\wamp64\www\wordpress\wp-content\themes\thanhquang\header.php on line 16

2023-10-24T17:53:32+00:00 CRITICAL Uncaught Error: Call to undefined function get_head() in C:\wamp64\www\wordpress\wp-content\themes\thanhquang\index.php:1
Stack trace:
#0 C:\wamp64\www\wordpress\wp-includes\template-loader.php(106): include()
#1 C:\wamp64\www\wordpress\wp-blog-header.php(19): require_once('C:\\wamp64\\www\\w...')
#2 C:\wamp64\www\wordpress\index.php(17): require('C:\\wamp64\\www\\w...')
#3 {main}
  thrown in C:\wamp64\www\wordpress\wp-content\themes\thanhquang\index.php on line 1

2023-10-24T17:53:42+00:00 CRITICAL Uncaught Error: Call to undefined function thanhquang_header() in C:\wamp64\www\wordpress\wp-content\themes\thanhquang\header.php:16
Stack trace:
#0 C:\wamp64\www\wordpress\wp-includes\template.php(785): require_once()
#1 C:\wamp64\www\wordpress\wp-includes\template.php(720): load_template('C:\\wamp64\\www\\w...', true, Array)
#2 C:\wamp64\www\wordpress\wp-includes\general-template.php(48): locate_template(Array, true, true, Array)
#3 C:\wamp64\www\wordpress\wp-content\themes\thanhquang\index.php(1): get_header()
#4 C:\wamp64\www\wordpress\wp-includes\template-loader.php(106): include('C:\\wamp64\\www\\w...')
#5 C:\wamp64\www\wordpress\wp-blog-header.php(19): require_once('C:\\wamp64\\www\\w...')
#6 C:\wamp64\www\wordpress\index.php(17): require('C:\\wamp64\\www\\w...')
#7 {main}
  thrown in C:\wamp64\www\wordpress\wp-content\themes\thanhquang\header.php on line 16

2023-10-24T17:54:44+00:00 CRITICAL Uncaught Error: Call to undefined function thanhquang_header() in C:\wamp64\www\wordpress\wp-content\themes\thanhquang\header.php:16
Stack trace:
#0 C:\wamp64\www\wordpress\wp-includes\template.php(785): require_once()
#1 C:\wamp64\www\wordpress\wp-includes\template.php(720): load_template('C:\\wamp64\\www\\w...', true, Array)
#2 C:\wamp64\www\wordpress\wp-includes\general-template.php(48): locate_template(Array, true, true, Array)
#3 C:\wamp64\www\wordpress\wp-content\themes\thanhquang\index.php(1): get_header()
#4 C:\wamp64\www\wordpress\wp-includes\template-loader.php(106): include('C:\\wamp64\\www\\w...')
#5 C:\wamp64\www\wordpress\wp-blog-header.php(19): require_once('C:\\wamp64\\www\\w...')
#6 C:\wamp64\www\wordpress\index.php(17): require('C:\\wamp64\\www\\w...')
#7 {main}
  thrown in C:\wamp64\www\wordpress\wp-content\themes\thanhquang\header.php on line 16

2023-10-24T17:55:02+00:00 CRITICAL Uncaught Error: Call to undefined function thanhquang_header() in C:\wamp64\www\wordpress\wp-content\themes\thanhquang\header.php:16
Stack trace:
#0 C:\wamp64\www\wordpress\wp-includes\template.php(785): require_once()
#1 C:\wamp64\www\wordpress\wp-includes\template.php(720): load_template('C:\\wamp64\\www\\w...', true, Array)
#2 C:\wamp64\www\wordpress\wp-includes\general-template.php(48): locate_template(Array, true, true, Array)
#3 C:\wamp64\www\wordpress\wp-content\themes\thanhquang\index.php(1): get_header()
#4 C:\wamp64\www\wordpress\wp-includes\template-loader.php(106): include('C:\\wamp64\\www\\w...')
#5 C:\wamp64\www\wordpress\wp-blog-header.php(19): require_once('C:\\wamp64\\www\\w...')
#6 C:\wamp64\www\wordpress\index.php(17): require('C:\\wamp64\\www\\w...')
#7 {main}
  thrown in C:\wamp64\www\wordpress\wp-content\themes\thanhquang\header.php on line 16

2023-10-24T17:56:58+00:00 CRITICAL Uncaught Error: Call to undefined function thanhquang_header() in C:\wamp64\www\wordpress\wp-content\themes\thanhquang\header.php:16
Stack trace:
#0 C:\wamp64\www\wordpress\wp-includes\template.php(785): require_once()
#1 C:\wamp64\www\wordpress\wp-includes\template.php(720): load_template('C:\\wamp64\\www\\w...', true, Array)
#2 C:\wamp64\www\wordpress\wp-includes\general-template.php(48): locate_template(Array, true, true, Array)
#3 C:\wamp64\www\wordpress\wp-content\themes\thanhquang\index.php(1): get_header()
#4 C:\wamp64\www\wordpress\wp-includes\template-loader.php(106): include('C:\\wamp64\\www\\w...')
#5 C:\wamp64\www\wordpress\wp-blog-header.php(19): require_once('C:\\wamp64\\www\\w...')
#6 C:\wamp64\www\wordpress\index.php(17): require('C:\\wamp64\\www\\w...')
#7 {main}
  thrown in C:\wamp64\www\wordpress\wp-content\themes\thanhquang\header.php on line 16

2023-10-24T17:57:23+00:00 CRITICAL Uncaught Error: Call to undefined function thanhquang_header() in C:\wamp64\www\wordpress\wp-content\themes\thanhquang\header.php:16
Stack trace:
#0 C:\wamp64\www\wordpress\wp-includes\template.php(785): require_once()
#1 C:\wamp64\www\wordpress\wp-includes\template.php(720): load_template('C:\\wamp64\\www\\w...', true, Array)
#2 C:\wamp64\www\wordpress\wp-includes\general-template.php(48): locate_template(Array, true, true, Array)
#3 C:\wamp64\www\wordpress\wp-content\themes\thanhquang\index.php(1): get_header()
#4 C:\wamp64\www\wordpress\wp-includes\template-loader.php(106): include('C:\\wamp64\\www\\w...')
#5 C:\wamp64\www\wordpress\wp-blog-header.php(19): require_once('C:\\wamp64\\www\\w...')
#6 C:\wamp64\www\wordpress\index.php(17): require('C:\\wamp64\\www\\w...')
#7 {main}
  thrown in C:\wamp64\www\wordpress\wp-content\themes\thanhquang\header.php on line 16

2023-10-24T17:57:40+00:00 CRITICAL Uncaught Error: Call to undefined function thanhquang_header() in C:\wamp64\www\wordpress\wp-content\themes\thanhquang\header.php:16
Stack trace:
#0 C:\wamp64\www\wordpress\wp-includes\template.php(785): require_once()
#1 C:\wamp64\www\wordpress\wp-includes\template.php(720): load_template('C:\\wamp64\\www\\w...', true, Array)
#2 C:\wamp64\www\wordpress\wp-includes\general-template.php(48): locate_template(Array, true, true, Array)
#3 C:\wamp64\www\wordpress\wp-content\themes\thanhquang\index.php(1): get_header()
#4 C:\wamp64\www\wordpress\wp-includes\template-loader.php(106): include('C:\\wamp64\\www\\w...')
#5 C:\wamp64\www\wordpress\wp-blog-header.php(19): require_once('C:\\wamp64\\www\\w...')
#6 C:\wamp64\www\wordpress\index.php(17): require('C:\\wamp64\\www\\w...')
#7 {main}
  thrown in C:\wamp64\www\wordpress\wp-content\themes\thanhquang\header.php on line 16

2023-10-24T17:58:18+00:00 CRITICAL Uncaught Error: Call to undefined function heade1r() in C:\wamp64\www\wordpress\wp-content\themes\thanhquang\header.php:16
Stack trace:
#0 C:\wamp64\www\wordpress\wp-includes\template.php(785): require_once()
#1 C:\wamp64\www\wordpress\wp-includes\template.php(720): load_template('C:\\wamp64\\www\\w...', true, Array)
#2 C:\wamp64\www\wordpress\wp-includes\general-template.php(48): locate_template(Array, true, true, Array)
#3 C:\wamp64\www\wordpress\wp-content\themes\thanhquang\index.php(1): get_header()
#4 C:\wamp64\www\wordpress\wp-includes\template-loader.php(106): include('C:\\wamp64\\www\\w...')
#5 C:\wamp64\www\wordpress\wp-blog-header.php(19): require_once('C:\\wamp64\\www\\w...')
#6 C:\wamp64\www\wordpress\index.php(17): require('C:\\wamp64\\www\\w...')
#7 {main}
  thrown in C:\wamp64\www\wordpress\wp-content\themes\thanhquang\header.php on line 16

2023-10-24T17:58:48+00:00 CRITICAL Uncaught Error: Call to undefined function heade1r() in C:\wamp64\www\wordpress\wp-content\themes\thanhquang\header.php:16
Stack trace:
#0 C:\wamp64\www\wordpress\wp-includes\template.php(785): require_once()
#1 C:\wamp64\www\wordpress\wp-includes\template.php(720): load_template('C:\\wamp64\\www\\w...', true, Array)
#2 C:\wamp64\www\wordpress\wp-includes\general-template.php(48): locate_template(Array, true, true, Array)
#3 C:\wamp64\www\wordpress\wp-content\themes\thanhquang\index.php(1): get_header()
#4 C:\wamp64\www\wordpress\wp-includes\template-loader.php(106): include('C:\\wamp64\\www\\w...')
#5 C:\wamp64\www\wordpress\wp-blog-header.php(19): require_once('C:\\wamp64\\www\\w...')
#6 C:\wamp64\www\wordpress\index.php(17): require('C:\\wamp64\\www\\w...')
#7 {main}
  thrown in C:\wamp64\www\wordpress\wp-content\themes\thanhquang\header.php on line 16

2023-10-24T17:59:21+00:00 CRITICAL Uncaught Error: Call to undefined function heade1r() in C:\wamp64\www\wordpress\wp-content\themes\thanhquang\header.php:16
Stack trace:
#0 C:\wamp64\www\wordpress\wp-includes\template.php(785): require_once()
#1 C:\wamp64\www\wordpress\wp-includes\template.php(720): load_template('C:\\wamp64\\www\\w...', true, Array)
#2 C:\wamp64\www\wordpress\wp-includes\general-template.php(48): locate_template(Array, true, true, Array)
#3 C:\wamp64\www\wordpress\wp-content\themes\thanhquang\index.php(1): get_header()
#4 C:\wamp64\www\wordpress\wp-includes\template-loader.php(106): include('C:\\wamp64\\www\\w...')
#5 C:\wamp64\www\wordpress\wp-blog-header.php(19): require_once('C:\\wamp64\\www\\w...')
#6 C:\wamp64\www\wordpress\index.php(17): require('C:\\wamp64\\www\\w...')
#7 {main}
  thrown in C:\wamp64\www\wordpress\wp-content\themes\thanhquang\header.php on line 16

2023-10-24T18:00:31+00:00 CRITICAL Uncaught Error: Call to undefined function thanhquang_header() in C:\wamp64\www\wordpress\wp-content\themes\thanhquang\header.php:18
Stack trace:
#0 C:\wamp64\www\wordpress\wp-includes\template.php(785): require_once()
#1 C:\wamp64\www\wordpress\wp-includes\template.php(720): load_template('C:\\wamp64\\www\\w...', true, Array)
#2 C:\wamp64\www\wordpress\wp-includes\general-template.php(48): locate_template(Array, true, true, Array)
#3 C:\wamp64\www\wordpress\wp-content\themes\thanhquang\index.php(1): get_header()
#4 C:\wamp64\www\wordpress\wp-includes\template-loader.php(106): include('C:\\wamp64\\www\\w...')
#5 C:\wamp64\www\wordpress\wp-blog-header.php(19): require_once('C:\\wamp64\\www\\w...')
#6 C:\wamp64\www\wordpress\index.php(17): require('C:\\wamp64\\www\\w...')
#7 {main}
  thrown in C:\wamp64\www\wordpress\wp-content\themes\thanhquang\header.php on line 18

2023-10-24T18:04:38+00:00 CRITICAL Uncaught Error: Call to undefined function thanhquang_header() in C:\wamp64\www\wordpress\wp-content\themes\thanhquang\header.php:18
Stack trace:
#0 C:\wamp64\www\wordpress\wp-includes\template.php(785): require_once()
#1 C:\wamp64\www\wordpress\wp-includes\template.php(720): load_template('C:\\wamp64\\www\\w...', true, Array)
#2 C:\wamp64\www\wordpress\wp-includes\general-template.php(48): locate_template(Array, true, true, Array)
#3 C:\wamp64\www\wordpress\wp-content\themes\thanhquang\index.php(1): get_header()
#4 C:\wamp64\www\wordpress\wp-includes\template-loader.php(106): include('C:\\wamp64\\www\\w...')
#5 C:\wamp64\www\wordpress\wp-blog-header.php(19): require_once('C:\\wamp64\\www\\w...')
#6 C:\wamp64\www\wordpress\index.php(17): require('C:\\wamp64\\www\\w...')
#7 {main}
  thrown in C:\wamp64\www\wordpress\wp-content\themes\thanhquang\header.php on line 18

2023-10-24T18:11:01+00:00 CRITICAL Uncaught Error: Call to undefined function prinf() in C:\wamp64\www\wordpress\wp-content\themes\thanhquang\header.php:33
Stack trace:
#0 C:\wamp64\www\wordpress\wp-includes\template.php(785): require_once()
#1 C:\wamp64\www\wordpress\wp-includes\template.php(720): load_template('C:\\wamp64\\www\\w...', true, Array)
#2 C:\wamp64\www\wordpress\wp-includes\general-template.php(48): locate_template(Array, true, true, Array)
#3 C:\wamp64\www\wordpress\wp-content\themes\thanhquang\index.php(1): get_header()
#4 C:\wamp64\www\wordpress\wp-includes\template-loader.php(106): include('C:\\wamp64\\www\\w...')
#5 C:\wamp64\www\wordpress\wp-blog-header.php(19): require_once('C:\\wamp64\\www\\w...')
#6 C:\wamp64\www\wordpress\index.php(17): require('C:\\wamp64\\www\\w...')
#7 {main}
  thrown in C:\wamp64\www\wordpress\wp-content\themes\thanhquang\header.php on line 33

2023-10-24T18:21:08+00:00 CRITICAL Uncaught Error: Call to undefined function thanhquang_menu() in C:\wamp64\www\wordpress\wp-content\themes\thanhquang\header.php:31
Stack trace:
#0 C:\wamp64\www\wordpress\wp-includes\template.php(785): require_once()
#1 C:\wamp64\www\wordpress\wp-includes\template.php(720): load_template('C:\\wamp64\\www\\w...', true, Array)
#2 C:\wamp64\www\wordpress\wp-includes\general-template.php(48): locate_template(Array, true, true, Array)
#3 C:\wamp64\www\wordpress\wp-content\themes\thanhquang\index.php(1): get_header()
#4 C:\wamp64\www\wordpress\wp-includes\template-loader.php(106): include('C:\\wamp64\\www\\w...')
#5 C:\wamp64\www\wordpress\wp-blog-header.php(19): require_once('C:\\wamp64\\www\\w...')
#6 C:\wamp64\www\wordpress\index.php(17): require('C:\\wamp64\\www\\w...')
#7 {main}
  thrown in C:\wamp64\www\wordpress\wp-content\themes\thanhquang\header.php on line 31

2023-10-24T18:21:18+00:00 CRITICAL Uncaught Error: Call to undefined function thanhquang_menu() in C:\wamp64\www\wordpress\wp-content\themes\thanhquang\header.php:31
Stack trace:
#0 C:\wamp64\www\wordpress\wp-includes\template.php(785): require_once()
#1 C:\wamp64\www\wordpress\wp-includes\template.php(720): load_template('C:\\wamp64\\www\\w...', true, Array)
#2 C:\wamp64\www\wordpress\wp-includes\general-template.php(48): locate_template(Array, true, true, Array)
#3 C:\wamp64\www\wordpress\wp-content\themes\thanhquang\index.php(1): get_header()
#4 C:\wamp64\www\wordpress\wp-includes\template-loader.php(106): include('C:\\wamp64\\www\\w...')
#5 C:\wamp64\www\wordpress\wp-blog-header.php(19): require_once('C:\\wamp64\\www\\w...')
#6 C:\wamp64\www\wordpress\index.php(17): require('C:\\wamp64\\www\\w...')
#7 {main}
  thrown in C:\wamp64\www\wordpress\wp-content\themes\thanhquang\header.php on line 31

