2023-10-29T18:25:42+00:00 CRITICAL Uncaught ArgumentCountError: Too few arguments to function add_filter(), 0 passed in C:\wamp64\www\wordpress\wp-content\themes\simple-bootstrap-theme\functions.php on line 31 and at least 2 expected in C:\wamp64\www\wordpress\wp-includes\plugin.php:121
Stack trace:
#0 C:\wamp64\www\wordpress\wp-content\themes\simple-bootstrap-theme\functions.php(31): add_filter()
#1 C:\wamp64\www\wordpress\wp-settings.php(600): include('C:\\wamp64\\www\\w...')
#2 C:\wamp64\www\wordpress\wp-config.php(96): require_once('C:\\wamp64\\www\\w...')
#3 C:\wamp64\www\wordpress\wp-load.php(50): require_once('C:\\wamp64\\www\\w...')
#4 C:\wamp64\www\wordpress\wp-admin\admin-ajax.php(22): require_once('C:\\wamp64\\www\\w...')
#5 {main}
  thrown in C:\wamp64\www\wordpress\wp-includes\plugin.php on line 121

2023-10-29T18:27:52+00:00 CRITICAL syntax error, unexpected token "return" in C:\wamp64\www\wordpress\wp-content\themes\simple-bootstrap-theme\functions.php on line 30

2023-10-29T18:53:37+00:00 CRITICAL Uncaught Error: Call to undefined function 11 Tháng Mười, 2023() in C:\wamp64\www\wordpress\wp-content\themes\simple-bootstrap-theme\index.php:218
Stack trace:
#0 C:\wamp64\www\wordpress\wp-includes\template-loader.php(106): include()
#1 C:\wamp64\www\wordpress\wp-blog-header.php(19): require_once('C:\\wamp64\\www\\w...')
#2 C:\wamp64\www\wordpress\index.php(17): require('C:\\wamp64\\www\\w...')
#3 {main}
  thrown in C:\wamp64\www\wordpress\wp-content\themes\simple-bootstrap-theme\index.php on line 218

2023-10-29T18:53:45+00:00 CRITICAL Uncaught Error: Value of type null is not callable in C:\wamp64\www\wordpress\wp-content\themes\simple-bootstrap-theme\index.php:218
Stack trace:
#0 C:\wamp64\www\wordpress\wp-includes\template-loader.php(106): include()
#1 C:\wamp64\www\wordpress\wp-blog-header.php(19): require_once('C:\\wamp64\\www\\w...')
#2 C:\wamp64\www\wordpress\index.php(17): require('C:\\wamp64\\www\\w...')
#3 {main}
  thrown in C:\wamp64\www\wordpress\wp-content\themes\simple-bootstrap-theme\index.php on line 218

2023-10-29T18:56:16+00:00 CRITICAL syntax error, unexpected end of file in C:\wamp64\www\wordpress\wp-content\themes\simple-bootstrap-theme\index.php on line 245

2023-10-29T18:57:26+00:00 CRITICAL syntax error, unexpected token ">" in C:\wamp64\www\wordpress\wp-content\themes\simple-bootstrap-theme\index.php on line 242

2023-10-29T19:23:34+00:00 CRITICAL Uncaught Error: Undefined constant "the_site_logo" in C:\wamp64\www\wordpress\wp-content\themes\simple-bootstrap-theme\index.php:251
Stack trace:
#0 C:\wamp64\www\wordpress\wp-includes\template-loader.php(106): include()
#1 C:\wamp64\www\wordpress\wp-blog-header.php(19): require_once('C:\\wamp64\\www\\w...')
#2 C:\wamp64\www\wordpress\index.php(17): require('C:\\wamp64\\www\\w...')
#3 {main}
  thrown in C:\wamp64\www\wordpress\wp-content\themes\simple-bootstrap-theme\index.php on line 251

2023-10-29T19:23:41+00:00 CRITICAL Uncaught Error: Call to undefined function the_site_logo() in C:\wamp64\www\wordpress\wp-content\themes\simple-bootstrap-theme\index.php:251
Stack trace:
#0 C:\wamp64\www\wordpress\wp-includes\template-loader.php(106): include()
#1 C:\wamp64\www\wordpress\wp-blog-header.php(19): require_once('C:\\wamp64\\www\\w...')
#2 C:\wamp64\www\wordpress\index.php(17): require('C:\\wamp64\\www\\w...')
#3 {main}
  thrown in C:\wamp64\www\wordpress\wp-content\themes\simple-bootstrap-theme\index.php on line 251

